<?xml version="1.0" encoding="UTF-8"?>
<testsuite xmlns:xsi="http://www.w3.org/2001/XMLSchema-instance" xsi:noNamespaceSchemaLocation="https://maven.apache.org/surefire/maven-surefire-plugin/xsd/surefire-test-report-3.0.xsd" version="3.0" name="saucedemo.TestPage" time="6.463" tests="1" errors="0" skipped="0" failures="0">
  <properties>
[...]
</properties>
  <testcase name="loginSuccesfull" classname="saucedemo.TestPage" time="6.405">
    <system-out><![CDATA[.....Ingresando a la pagina.....
.....Realizando login.....
.....Login finalizado.....
.....Verificando Home In.....
Cookie de sesion: session-username=standard_user; expires=mar, 30 jul 2024 04:20:25 COT; path=/; domain=www.saucedemo.com; sameSite=Lax
.....Home In verificado exitosamente.....
.....Comprando productos.....
.....Agregando 2 productos al carrito.....
.....Visualizando carrito de compras.....
.....Verificando los productos a comprar.....
El producto 'Sauce Labs Backpack' coincide con el que agregaste al carrito.
El producto 'Sauce Labs Bike Light' coincide con el que agregaste al carrito.
.....Productos verificados exitosamente.....
.....Continuando con la compra.....
.....Llenando datos para la compra.....
.....Datos ingresados exitosamente.....
.....Continuando con la compra.....
.....Finalizando con la compra.....
.....Productos comprados exitosamente.....
.....Cerrando navegador.....
]]></system-out>
    <system-err><![CDATA[jul 30, 2024 4:10:23 P. M. org.openqa.selenium.devtools.CdpVersionFinder findNearestMatch
WARNING: Unable to find CDP implementation matching 127
jul 30, 2024 4:10:23 P. M. org.openqa.selenium.chromium.ChromiumDriver lambda$new$5
WARNING: Unable to find version of CDP to use for 127.0.6533.73. You may need to include a dependency on a specific version of the CDP using something similar to `org.seleniumhq.selenium:selenium-devtools-v86:4.17.0` where the version ("v86") matches the version of the chromium-based browser you're using and the version number of the artifact is the same as Selenium's.
]]></system-err>
  </testcase>
</testsuite>